mode: set
eventcollector/eventcollectorApp.go:30.42,56.16 9 1
eventcollector/eventcollectorApp.go:60.2,66.22 5 1
eventcollector/eventcollectorApp.go:56.16,59.3 2 0
eventcollector/eventcollectorApp.go:70.46,85.12 5 1
eventcollector/eventcollectorApp.go:91.2,106.12 8 1
eventcollector/eventcollectorApp.go:85.12,86.46 1 1
eventcollector/eventcollectorApp.go:86.46,88.4 1 0
eventcollector/eventcollectorApp.go:110.53,114.18 3 1
eventcollector/eventcollectorApp.go:118.2,119.18 2 1
eventcollector/eventcollectorApp.go:123.2,124.18 2 1
eventcollector/eventcollectorApp.go:134.2,135.18 2 1
eventcollector/eventcollectorApp.go:145.2,146.18 2 1
eventcollector/eventcollectorApp.go:158.2,159.18 2 1
eventcollector/eventcollectorApp.go:114.18,116.3 1 1
eventcollector/eventcollectorApp.go:119.18,121.3 1 1
eventcollector/eventcollectorApp.go:124.18,126.17 2 1
eventcollector/eventcollectorApp.go:131.3,131.55 1 1
eventcollector/eventcollectorApp.go:126.17,128.4 1 1
eventcollector/eventcollectorApp.go:128.9,130.4 1 1
eventcollector/eventcollectorApp.go:135.18,137.17 2 1
eventcollector/eventcollectorApp.go:142.3,142.57 1 1
eventcollector/eventcollectorApp.go:137.17,139.4 1 1
eventcollector/eventcollectorApp.go:139.9,141.4 1 1
eventcollector/eventcollectorApp.go:146.18,147.19 1 1
eventcollector/eventcollectorApp.go:147.19,149.18 2 1
eventcollector/eventcollectorApp.go:154.4,154.61 1 1
eventcollector/eventcollectorApp.go:149.18,151.5 1 1
eventcollector/eventcollectorApp.go:151.10,153.5 1 1
eventcollector/eventcollectorApp.go:159.18,161.3 1 1
eventcollector/eventcollectorApp.go:166.48,289.2 46 1
eventcollector/eventcollectorApp.go:300.78,304.29 3 1
eventcollector/eventcollectorApp.go:307.2,307.15 1 1
eventcollector/eventcollectorApp.go:312.2,316.14 3 1
eventcollector/eventcollectorApp.go:321.2,323.39 2 1
eventcollector/eventcollectorApp.go:304.29,306.3 1 1
eventcollector/eventcollectorApp.go:307.15,309.3 1 0
eventcollector/eventcollectorApp.go:316.14,318.3 1 0
eventcollector/eventcollectorApp.go:335.82,337.2 1 0
eventcollector/eventcollectorApp.go:350.76,359.14 5 1
eventcollector/eventcollectorApp.go:364.2,366.32 2 1
eventcollector/eventcollectorApp.go:359.14,361.3 1 0
eventcollector/eventcollectorApp.go:378.81,386.15 5 1
eventcollector/eventcollectorApp.go:391.2,393.38 2 1
eventcollector/eventcollectorApp.go:386.15,388.4 1 0
eventcollector/eventcollectorApp.go:406.81,411.13 2 1
eventcollector/eventcollectorApp.go:416.2,416.63 1 1
eventcollector/eventcollectorApp.go:411.13,414.3 2 1
eventcollector/eventcollectorApp.go:430.82,435.14 2 1
eventcollector/eventcollectorApp.go:440.2,440.64 1 1
eventcollector/eventcollectorApp.go:435.14,438.3 2 1
eventcollector/eventcollectorApp.go:457.80,464.15 4 1
eventcollector/eventcollectorApp.go:469.2,471.15 3 1
eventcollector/eventcollectorApp.go:476.2,481.57 3 1
eventcollector/eventcollectorApp.go:464.15,467.3 2 1
eventcollector/eventcollectorApp.go:471.15,474.3 2 1
eventcollector/eventcollectorApp.go:491.83,499.2 3 1
eventcollector/eventcollectorApp.go:510.83,518.14 4 1
eventcollector/eventcollectorApp.go:524.2,525.14 2 1
eventcollector/eventcollectorApp.go:531.2,533.14 2 1
eventcollector/eventcollectorApp.go:540.2,546.44 3 1
eventcollector/eventcollectorApp.go:553.2,553.48 1 1
eventcollector/eventcollectorApp.go:558.2,558.8 1 1
eventcollector/eventcollectorApp.go:518.14,522.3 3 0
eventcollector/eventcollectorApp.go:525.14,529.3 3 1
eventcollector/eventcollectorApp.go:533.14,537.3 3 0
eventcollector/eventcollectorApp.go:546.44,549.3 2 0
eventcollector/eventcollectorApp.go:553.48,556.3 2 0
eventcollector/eventcollectorApp.go:570.79,576.14 3 1
eventcollector/eventcollectorApp.go:582.2,584.14 2 1
eventcollector/eventcollectorApp.go:591.2,593.38 2 1
eventcollector/eventcollectorApp.go:576.14,580.3 3 0
eventcollector/eventcollectorApp.go:584.14,588.3 3 0
eventcollector/eventcollectorApp.go:606.79,615.14 5 1
eventcollector/eventcollectorApp.go:621.2,623.14 2 1
eventcollector/eventcollectorApp.go:628.2,630.38 2 1
eventcollector/eventcollectorApp.go:615.14,619.3 3 0
eventcollector/eventcollectorApp.go:623.14,625.3 1 0
eventcollector/eventcollectorApp.go:642.79,651.14 5 1
eventcollector/eventcollectorApp.go:656.2,658.38 2 1
eventcollector/eventcollectorApp.go:651.14,653.3 1 0
eventcollector/eventcollectorApp.go:670.84,676.14 3 1
eventcollector/eventcollectorApp.go:682.2,684.14 2 1
eventcollector/eventcollectorApp.go:689.2,691.50 2 1
eventcollector/eventcollectorApp.go:676.14,680.3 3 0
eventcollector/eventcollectorApp.go:684.14,686.3 1 0
eventcollector/eventcollectorApp.go:703.84,712.14 5 1
eventcollector/eventcollectorApp.go:718.2,720.14 2 1
eventcollector/eventcollectorApp.go:725.2,727.38 2 1
eventcollector/eventcollectorApp.go:712.14,716.3 3 0
eventcollector/eventcollectorApp.go:720.14,722.3 1 0
eventcollector/eventcollectorApp.go:739.84,749.14 5 1
eventcollector/eventcollectorApp.go:754.2,756.38 2 1
eventcollector/eventcollectorApp.go:749.14,751.3 1 0
eventcollector/eventcollectorApp.go:759.72,761.2 1 0
eventcollector/eventcollectorApp.go:764.71,768.2 3 1
eventcollector/eventcollectorApp.go:771.76,777.2 4 1
eventcollector/eventcollectorApp.go:779.55,783.25 3 1
eventcollector/eventcollectorApp.go:788.2,792.16 3 1
eventcollector/eventcollectorApp.go:797.2,797.11 1 1
eventcollector/eventcollectorApp.go:783.25,786.3 2 1
eventcollector/eventcollectorApp.go:792.16,795.3 2 1
eventcollector/eventcollectorApp.go:800.50,801.24 1 1
eventcollector/eventcollectorApp.go:806.2,810.16 3 1
eventcollector/eventcollectorApp.go:814.2,815.12 2 1
eventcollector/eventcollectorApp.go:801.24,804.3 2 1
eventcollector/eventcollectorApp.go:810.16,813.3 2 1
eventcollector/eventcollectorApp.go:818.58,820.56 1 1
eventcollector/eventcollectorApp.go:823.2,826.29 4 1
eventcollector/eventcollectorApp.go:833.2,834.16 2 1
eventcollector/eventcollectorApp.go:841.2,841.25 1 1
eventcollector/eventcollectorApp.go:820.56,822.3 1 1
eventcollector/eventcollectorApp.go:826.29,828.3 1 0
eventcollector/eventcollectorApp.go:828.8,831.3 1 1
eventcollector/eventcollectorApp.go:834.16,839.3 3 0
eventcollector/eventcollectorHook.go:10.80,12.2 1 1
eventcollector/eventcollectorHook.go:16.63,18.2 1 1
eventcollector/eventcollectorHook.go:22.84,24.2 1 0
eventcollector/eventcollectorHook.go:28.67,30.2 1 0
eventcollector/eventcollectorHook.go:34.72,36.2 1 1
eventcollector/eventcollectorHook.go:40.73,42.2 1 1
eventcollector/eventcollectorHook.go:46.77,48.2 1 1
eventcollector/eventcollectorHook.go:52.78,54.2 1 1
eventcollector/eventcollectorHook.go:58.65,60.2 1 1
eventcollector/eventcollectorHook.go:64.66,66.2 1 1
eventcollector/eventcollectorHook.go:70.64,72.2 1 1
eventcollector/eventcollectorHook.go:76.65,78.2 1 1
eventcollector/eventcollectorHook.go:82.67,84.2 1 1
eventcollector/eventcollectorHook.go:88.68,90.2 1 1
eventcollector/eventcollectorHook.go:94.67,96.2 1 1
eventcollector/eventcollectorHook.go:100.68,102.2 1 1
eventcollector/eventcollectorHook.go:106.63,108.2 1 1
eventcollector/eventcollectorHook.go:112.64,114.2 1 1
eventcollector/eventcollectorHook.go:118.75,120.2 1 1
eventcollector/eventcollectorHook.go:124.76,126.2 1 1
eventcollector/eventcollectorHook.go:130.75,132.2 1 1
eventcollector/eventcollectorHook.go:136.76,138.2 1 1
eventcollector/eventcollectorHook.go:142.68,144.2 1 1
eventcollector/eventcollectorHook.go:148.69,150.2 1 1
eventcollector/eventcollectorHook.go:154.80,156.2 1 1
eventcollector/eventcollectorHook.go:160.81,162.2 1 1
eventcollector/eventcollectorHook.go:166.80,168.2 1 1
eventcollector/eventcollectorHook.go:172.81,174.2 1 1
eventcollector/eventcollectorMain.go:110.21,114.2 2 0
eventcollector/eventcollectorMain.go:117.13,123.18 4 0
eventcollector/eventcollectorMain.go:128.2,134.30 5 0
eventcollector/eventcollectorMain.go:123.18,125.3 1 0
eventcollector/httpJob.go:43.31,45.2 1 1
eventcollector/httpJob.go:47.33,49.2 1 0
eventcollector/httpJob.go:51.32,62.26 4 1
eventcollector/httpJob.go:66.2,68.12 2 1
eventcollector/httpJob.go:62.26,64.3 1 1
eventcollector/httpJob.go:71.52,73.16 2 1
eventcollector/httpJob.go:78.2,86.16 5 1
eventcollector/httpJob.go:92.2,93.16 2 1
eventcollector/httpJob.go:98.2,103.18 3 1
eventcollector/httpJob.go:73.16,76.3 2 0
eventcollector/httpJob.go:86.16,90.3 3 0
eventcollector/httpJob.go:93.16,96.3 2 0
eventcollector/httpJob.go:107.72,112.32 4 1
eventcollector/httpJob.go:120.2,123.11 3 1
eventcollector/httpJob.go:112.32,114.23 2 1
eventcollector/httpJob.go:117.3,117.13 1 1
eventcollector/httpJob.go:114.23,116.4 1 1
eventcollector/httpJob.go:126.54,128.2 1 0
eventcollector/httpJob.go:130.36,132.2 1 0
eventcollector/httpJob.go:134.36,137.2 1 0
eventcollector/httpJob.go:139.36,141.16 2 1
eventcollector/httpJob.go:145.2,145.14 1 1
eventcollector/httpJob.go:141.16,143.3 1 0
eventcollector/httpScheduler.go:72.56,76.14 4 1
eventcollector/httpScheduler.go:80.2,80.16 1 1
eventcollector/httpScheduler.go:76.14,79.3 2 0
eventcollector/httpScheduler.go:83.46,87.2 3 1
eventcollector/httpScheduler.go:89.69,95.2 5 1
eventcollector/httpScheduler.go:97.47,101.2 3 1
eventcollector/httpScheduler.go:103.58,107.2 3 1
eventcollector/httpScheduler.go:109.53,113.2 3 0
eventcollector/httpScheduler.go:116.62,120.2 3 1
eventcollector/httpScheduler.go:141.60,144.30 2 1
eventcollector/httpScheduler.go:152.2,153.14 2 1
eventcollector/httpScheduler.go:156.2,156.16 1 1
eventcollector/httpScheduler.go:144.30,150.3 5 1
eventcollector/httpScheduler.go:153.14,155.3 1 0
eventcollector/httpScheduler.go:160.102,163.30 2 1
eventcollector/httpScheduler.go:173.2,173.21 1 1
eventcollector/httpScheduler.go:178.2,179.14 2 1
eventcollector/httpScheduler.go:184.2,184.31 1 1
eventcollector/httpScheduler.go:163.30,164.21 1 1
eventcollector/httpScheduler.go:164.21,168.9 4 1
eventcollector/httpScheduler.go:173.21,176.3 2 0
eventcollector/httpScheduler.go:179.14,182.3 2 0
eventcollector/httpScheduler.go:189.106,197.14 6 1
eventcollector/httpScheduler.go:203.2,203.30 1 1
eventcollector/httpScheduler.go:223.2,223.15 1 1
eventcollector/httpScheduler.go:229.2,233.40 3 1
eventcollector/httpScheduler.go:197.14,201.3 3 0
eventcollector/httpScheduler.go:203.30,204.30 1 1
eventcollector/httpScheduler.go:219.3,219.37 1 1
eventcollector/httpScheduler.go:204.30,207.18 3 1
eventcollector/httpScheduler.go:211.4,217.12 7 1
eventcollector/httpScheduler.go:207.18,210.5 2 0
eventcollector/httpScheduler.go:223.15,226.3 2 0
eventcollector/httpScheduler.go:238.106,243.14 3 1
eventcollector/httpScheduler.go:249.2,251.16 3 1
eventcollector/httpScheduler.go:255.2,260.45 5 1
eventcollector/httpScheduler.go:243.14,247.3 3 0
eventcollector/httpScheduler.go:251.16,254.3 2 0
eventcollector/httpScheduler.go:265.102,269.30 3 1
eventcollector/httpScheduler.go:278.2,278.15 1 1
eventcollector/httpScheduler.go:284.2,287.40 3 1
eventcollector/httpScheduler.go:269.30,270.21 1 1
eventcollector/httpScheduler.go:274.3,274.37 1 1
eventcollector/httpScheduler.go:270.21,272.12 2 1
eventcollector/httpScheduler.go:278.15,281.3 2 0
eventcollector/httpScheduler.go:291.88,294.14 2 1
eventcollector/httpScheduler.go:299.2,299.31 1 1
eventcollector/httpScheduler.go:294.14,297.3 2 0
eventcollector/httpScheduler.go:302.103,306.14 3 1
eventcollector/httpScheduler.go:311.2,318.40 5 1
eventcollector/httpScheduler.go:306.14,309.3 2 0
eventcollector/httpScheduler.go:322.103,326.14 3 0
eventcollector/httpScheduler.go:331.2,338.45 6 0
eventcollector/httpScheduler.go:326.14,329.3 2 0
eventcollector/httpScheduler.go:341.88,346.2 3 1
eventcollector/httpScheduler.go:350.95,357.2 5 1
eventcollector/httpScheduler.go:360.38,376.28 8 1
eventcollector/httpScheduler.go:390.2,390.12 1 1
eventcollector/httpScheduler.go:376.28,379.17 3 1
eventcollector/httpScheduler.go:383.3,387.41 3 1
eventcollector/httpScheduler.go:379.17,382.4 2 0
eventcollector/httpScheduler.go:393.37,398.2 3 1
eventcollector/httpScheduler.go:400.46,402.6 2 1
eventcollector/httpScheduler.go:402.6,404.31 2 1
eventcollector/httpScheduler.go:411.3,412.10 2 1
eventcollector/httpScheduler.go:404.31,410.4 5 1
eventcollector/httpScheduler.go:413.26,414.14 1 1
eventcollector/httpScheduler.go:415.31,416.14 1 0
eventcollector/httpScheduler.go:417.11,418.75 1 1
eventcollector/httpScheduler.go:424.88,427.50 3 0
eventcollector/httpScheduler.go:430.2,434.23 4 0
eventcollector/httpScheduler.go:438.2,438.38 1 0
eventcollector/httpScheduler.go:427.50,429.3 1 0
eventcollector/httpScheduler.go:434.23,436.3 1 0
eventcollector/httpScheduler.go:441.50,444.6 3 1
eventcollector/httpScheduler.go:444.6,445.10 1 1
eventcollector/httpScheduler.go:446.51,452.42 6 0
eventcollector/httpScheduler.go:455.4,457.17 3 0
eventcollector/httpScheduler.go:459.34,460.12 1 1
eventcollector/httpScheduler.go:464.31,465.14 1 0
eventcollector/httpScheduler.go:452.42,454.5 1 0
eventcollector/httpScheduler.go:460.12,462.5 1 1
eventcollector/httpScheduler.go:470.40,473.2 1 0
eventcollector/httpScheduler.go:475.42,478.2 1 0
eventcollector/httpScheduler.go:482.42,484.14 2 1
eventcollector/httpScheduler.go:487.2,487.11 1 1
eventcollector/httpScheduler.go:484.14,486.3 1 0
eventcollector/eventcollectorDispatcher.go:161.30,163.6 1 1
eventcollector/eventcollectorDispatcher.go:163.6,164.10 1 1
eventcollector/eventcollectorDispatcher.go:165.34,168.16 2 1
eventcollector/eventcollectorDispatcher.go:171.4,172.26 2 1
eventcollector/eventcollectorDispatcher.go:174.25,175.12 1 1
eventcollector/eventcollectorDispatcher.go:180.22,182.14 2 0
eventcollector/eventcollectorDispatcher.go:168.16,170.5 1 0
eventcollector/eventcollectorDispatcher.go:175.12,178.5 2 1
eventcollector/eventcollectorDispatcher.go:201.59,202.25 1 1
eventcollector/eventcollectorDispatcher.go:206.2,208.33 2 1
eventcollector/eventcollectorDispatcher.go:212.2,212.34 1 1
eventcollector/eventcollectorDispatcher.go:216.2,216.37 1 1
eventcollector/eventcollectorDispatcher.go:220.2,220.34 1 1
eventcollector/eventcollectorDispatcher.go:224.2,224.30 1 1
eventcollector/eventcollectorDispatcher.go:202.25,205.3 2 0
eventcollector/eventcollectorDispatcher.go:208.33,210.3 1 0
eventcollector/eventcollectorDispatcher.go:212.34,214.3 1 0
eventcollector/eventcollectorDispatcher.go:216.37,218.3 1 0
eventcollector/eventcollectorDispatcher.go:220.34,222.3 1 0
eventcollector/eventcollectorDispatcher.go:224.30,226.3 1 1
eventcollector/eventcollectorDispatcher.go:267.53,271.14 4 1
eventcollector/eventcollectorDispatcher.go:275.2,275.16 1 1
eventcollector/eventcollectorDispatcher.go:271.14,274.3 2 0
eventcollector/eventcollectorDispatcher.go:278.43,284.2 5 1
eventcollector/eventcollectorDispatcher.go:286.66,292.2 5 1
eventcollector/eventcollectorDispatcher.go:294.44,298.2 3 1
eventcollector/eventcollectorDispatcher.go:300.55,304.2 3 0
eventcollector/eventcollectorDispatcher.go:306.50,310.2 3 0
eventcollector/eventcollectorDispatcher.go:317.56,350.2 15 1
eventcollector/eventcollectorDispatcher.go:353.39,403.2 15 1
eventcollector/eventcollectorDispatcher.go:405.33,412.2 4 1
eventcollector/eventcollectorDispatcher.go:414.33,415.6 1 1
eventcollector/eventcollectorDispatcher.go:415.6,416.10 1 1
eventcollector/eventcollectorDispatcher.go:417.43,419.33 2 1
eventcollector/eventcollectorDispatcher.go:424.33,426.6 2 1
eventcollector/eventcollectorDispatcher.go:426.6,427.10 1 1
eventcollector/eventcollectorDispatcher.go:428.52,430.47 2 1
eventcollector/eventcollectorDispatcher.go:435.39,437.2 1 0
eventcollector/eventcollectorDispatcher.go:440.88,443.14 2 1
eventcollector/eventcollectorDispatcher.go:444.31,451.27 6 1
eventcollector/eventcollectorDispatcher.go:453.27,460.27 6 1
eventcollector/eventcollectorDispatcher.go:462.23,471.27 6 0
eventcollector/eventcollectorDispatcher.go:473.28,476.25 3 0
eventcollector/eventcollectorDispatcher.go:478.25,481.25 3 0
eventcollector/eventcollectorDispatcher.go:482.10,485.25 3 0
eventcollector/eventcollectorDispatcher.go:491.114,493.19 1 1
eventcollector/eventcollectorDispatcher.go:550.2,550.20 1 0
eventcollector/eventcollectorDispatcher.go:494.13,497.15 2 1
eventcollector/eventcollectorDispatcher.go:500.3,500.41 1 1
eventcollector/eventcollectorDispatcher.go:502.24,505.41 3 1
eventcollector/eventcollectorDispatcher.go:507.25,510.41 2 1
eventcollector/eventcollectorDispatcher.go:512.22,516.41 4 1
eventcollector/eventcollectorDispatcher.go:518.23,519.40 1 1
eventcollector/eventcollectorDispatcher.go:525.3,527.41 3 1
eventcollector/eventcollectorDispatcher.go:530.18,536.41 4 0
eventcollector/eventcollectorDispatcher.go:538.22,542.41 4 0
eventcollector/eventcollectorDispatcher.go:544.10,547.49 2 1
eventcollector/eventcollectorDispatcher.go:497.15,499.4 1 0
eventcollector/eventcollectorDispatcher.go:519.40,523.4 2 1
eventcollector/eventcollectorDispatcher.go:553.47,554.46 1 1
eventcollector/eventcollectorDispatcher.go:568.2,570.12 3 1
eventcollector/eventcollectorDispatcher.go:554.46,567.3 4 1
eventcollector/eventcollectorDispatcher.go:573.45,575.2 1 0
eventcollector/eventcollectorDispatcher.go:577.46,579.2 1 0
eventcollector/httpResult.go:11.32,13.2 1 1
eventcollector/httpResult.go:15.51,17.2 1 0
eventcollector/httpResult.go:19.39,21.2 1 1
