mode: set
worker/eventCollectorMain.go:110.21,114.2 2 0
worker/eventCollectorMain.go:117.13,123.18 4 0
worker/eventCollectorMain.go:128.2,134.30 5 0
worker/eventCollectorMain.go:123.18,125.3 1 0
worker/httpJob.go:43.31,45.2 1 1
worker/httpJob.go:47.33,49.2 1 0
worker/httpJob.go:51.32,62.26 4 1
worker/httpJob.go:66.2,68.12 2 1
worker/httpJob.go:62.26,64.3 1 1
worker/httpJob.go:71.52,73.16 2 1
worker/httpJob.go:78.2,86.16 5 1
worker/httpJob.go:92.2,93.16 2 1
worker/httpJob.go:98.2,103.18 3 1
worker/httpJob.go:73.16,76.3 2 0
worker/httpJob.go:86.16,90.3 3 0
worker/httpJob.go:93.16,96.3 2 0
worker/httpJob.go:107.72,112.32 4 1
worker/httpJob.go:120.2,123.11 3 1
worker/httpJob.go:112.32,114.23 2 1
worker/httpJob.go:117.3,117.13 1 1
worker/httpJob.go:114.23,116.4 1 1
worker/httpJob.go:126.54,128.2 1 0
worker/httpJob.go:130.36,132.2 1 0
worker/httpJob.go:134.36,137.2 1 0
worker/httpJob.go:139.36,141.16 2 1
worker/httpJob.go:145.2,145.14 1 1
worker/httpJob.go:141.16,143.3 1 0
worker/eventCollectorApp.go:30.42,56.16 9 0
worker/eventCollectorApp.go:60.2,66.22 5 0
worker/eventCollectorApp.go:56.16,59.3 2 0
worker/eventCollectorApp.go:70.46,85.12 5 0
worker/eventCollectorApp.go:91.2,106.12 8 0
worker/eventCollectorApp.go:85.12,86.46 1 0
worker/eventCollectorApp.go:86.46,88.4 1 0
worker/eventCollectorApp.go:110.53,114.18 3 0
worker/eventCollectorApp.go:118.2,119.18 2 0
worker/eventCollectorApp.go:123.2,124.18 2 0
worker/eventCollectorApp.go:134.2,135.18 2 0
worker/eventCollectorApp.go:145.2,146.18 2 0
worker/eventCollectorApp.go:158.2,159.18 2 0
worker/eventCollectorApp.go:114.18,116.3 1 0
worker/eventCollectorApp.go:119.18,121.3 1 0
worker/eventCollectorApp.go:124.18,126.17 2 0
worker/eventCollectorApp.go:131.3,131.55 1 0
worker/eventCollectorApp.go:126.17,128.4 1 0
worker/eventCollectorApp.go:128.9,130.4 1 0
worker/eventCollectorApp.go:135.18,137.17 2 0
worker/eventCollectorApp.go:142.3,142.57 1 0
worker/eventCollectorApp.go:137.17,139.4 1 0
worker/eventCollectorApp.go:139.9,141.4 1 0
worker/eventCollectorApp.go:146.18,147.19 1 0
worker/eventCollectorApp.go:147.19,149.18 2 0
worker/eventCollectorApp.go:154.4,154.61 1 0
worker/eventCollectorApp.go:149.18,151.5 1 0
worker/eventCollectorApp.go:151.10,153.5 1 0
worker/eventCollectorApp.go:159.18,161.3 1 0
worker/eventCollectorApp.go:166.48,289.2 46 0
worker/eventCollectorApp.go:300.78,304.29 3 0
worker/eventCollectorApp.go:307.2,307.15 1 0
worker/eventCollectorApp.go:312.2,316.14 3 0
worker/eventCollectorApp.go:321.2,323.39 2 0
worker/eventCollectorApp.go:304.29,306.3 1 0
worker/eventCollectorApp.go:307.15,309.3 1 0
worker/eventCollectorApp.go:316.14,318.3 1 0
worker/eventCollectorApp.go:336.82,341.29 3 0
worker/eventCollectorApp.go:344.2,344.15 1 0
worker/eventCollectorApp.go:349.2,358.41 3 0
worker/eventCollectorApp.go:341.29,343.3 1 0
worker/eventCollectorApp.go:344.15,346.3 1 0
worker/eventCollectorApp.go:370.76,379.14 5 0
worker/eventCollectorApp.go:384.2,386.32 2 0
worker/eventCollectorApp.go:379.14,381.3 1 0
worker/eventCollectorApp.go:398.81,406.15 5 0
worker/eventCollectorApp.go:412.2,414.38 2 0
worker/eventCollectorApp.go:406.15,408.4 1 0
worker/eventCollectorApp.go:427.81,432.13 2 0
worker/eventCollectorApp.go:436.2,436.43 1 0
worker/eventCollectorApp.go:432.13,434.3 1 0
worker/eventCollectorApp.go:449.82,454.14 2 0
worker/eventCollectorApp.go:458.2,458.44 1 0
worker/eventCollectorApp.go:454.14,456.3 1 0
worker/eventCollectorApp.go:475.80,482.15 4 0
worker/eventCollectorApp.go:487.2,489.15 3 0
worker/eventCollectorApp.go:494.2,499.57 3 0
worker/eventCollectorApp.go:482.15,485.3 2 0
worker/eventCollectorApp.go:489.15,492.3 2 0
worker/eventCollectorApp.go:509.83,517.2 3 0
worker/eventCollectorApp.go:526.83,534.14 4 0
worker/eventCollectorApp.go:540.2,541.14 2 0
worker/eventCollectorApp.go:546.2,548.14 2 0
worker/eventCollectorApp.go:555.2,561.44 3 0
worker/eventCollectorApp.go:569.2,569.48 1 0
worker/eventCollectorApp.go:575.2,575.8 1 0
worker/eventCollectorApp.go:534.14,538.3 3 0
worker/eventCollectorApp.go:541.14,544.3 2 0
worker/eventCollectorApp.go:548.14,552.3 3 0
worker/eventCollectorApp.go:561.44,565.3 2 0
worker/eventCollectorApp.go:569.48,573.3 2 0
worker/eventCollectorApp.go:587.79,593.14 3 0
worker/eventCollectorApp.go:599.2,601.14 2 0
worker/eventCollectorApp.go:608.2,610.38 2 0
worker/eventCollectorApp.go:593.14,597.3 3 0
worker/eventCollectorApp.go:601.14,605.3 3 0
worker/eventCollectorApp.go:623.79,632.14 5 0
worker/eventCollectorApp.go:638.2,640.14 2 0
worker/eventCollectorApp.go:645.2,647.38 2 0
worker/eventCollectorApp.go:632.14,636.3 3 0
worker/eventCollectorApp.go:640.14,642.3 1 0
worker/eventCollectorApp.go:659.79,668.14 5 0
worker/eventCollectorApp.go:673.2,675.38 2 0
worker/eventCollectorApp.go:668.14,670.3 1 0
worker/eventCollectorApp.go:687.84,693.14 3 0
worker/eventCollectorApp.go:699.2,701.14 2 0
worker/eventCollectorApp.go:706.2,708.38 2 0
worker/eventCollectorApp.go:693.14,697.3 3 0
worker/eventCollectorApp.go:701.14,703.3 1 0
worker/eventCollectorApp.go:720.84,729.14 5 0
worker/eventCollectorApp.go:735.2,737.14 2 0
worker/eventCollectorApp.go:742.2,744.38 2 0
worker/eventCollectorApp.go:729.14,733.3 3 0
worker/eventCollectorApp.go:737.14,739.3 1 0
worker/eventCollectorApp.go:756.84,766.14 5 0
worker/eventCollectorApp.go:771.2,773.38 2 0
worker/eventCollectorApp.go:766.14,768.3 1 0
worker/eventCollectorApp.go:776.72,778.2 1 0
worker/eventCollectorApp.go:781.71,785.2 3 0
worker/eventCollectorApp.go:788.76,794.2 4 0
worker/eventCollectorApp.go:796.55,800.25 3 0
worker/eventCollectorApp.go:805.2,809.16 3 0
worker/eventCollectorApp.go:814.2,814.11 1 0
worker/eventCollectorApp.go:800.25,803.3 2 0
worker/eventCollectorApp.go:809.16,812.3 2 0
worker/eventCollectorApp.go:817.44,818.24 1 0
worker/eventCollectorApp.go:823.2,827.16 3 0
worker/eventCollectorApp.go:830.2,830.19 1 0
worker/eventCollectorApp.go:818.24,821.3 2 0
worker/eventCollectorApp.go:827.16,829.3 1 0
worker/eventCollectorApp.go:833.42,835.56 1 0
worker/eventCollectorApp.go:838.2,841.29 4 0
worker/eventCollectorApp.go:848.2,849.16 2 0
worker/eventCollectorApp.go:854.2,854.8 1 0
worker/eventCollectorApp.go:835.56,837.3 1 0
worker/eventCollectorApp.go:841.29,843.3 1 0
worker/eventCollectorApp.go:843.8,846.3 1 0
worker/eventCollectorApp.go:849.16,852.3 1 0
worker/eventCollectorDispatcher.go:111.30,113.6 1 0
worker/eventCollectorDispatcher.go:113.6,114.10 1 0
worker/eventCollectorDispatcher.go:115.34,118.16 2 0
worker/eventCollectorDispatcher.go:121.4,122.26 2 0
worker/eventCollectorDispatcher.go:124.25,125.12 1 0
worker/eventCollectorDispatcher.go:130.22,132.14 2 0
worker/eventCollectorDispatcher.go:118.16,120.5 1 0
worker/eventCollectorDispatcher.go:125.12,128.5 2 0
worker/eventCollectorDispatcher.go:151.59,152.25 1 0
worker/eventCollectorDispatcher.go:156.2,158.33 2 0
worker/eventCollectorDispatcher.go:162.2,162.34 1 0
worker/eventCollectorDispatcher.go:166.2,166.37 1 0
worker/eventCollectorDispatcher.go:170.2,170.34 1 0
worker/eventCollectorDispatcher.go:174.2,174.30 1 0
worker/eventCollectorDispatcher.go:152.25,155.3 2 0
worker/eventCollectorDispatcher.go:158.33,160.3 1 0
worker/eventCollectorDispatcher.go:162.34,164.3 1 0
worker/eventCollectorDispatcher.go:166.37,168.3 1 0
worker/eventCollectorDispatcher.go:170.34,172.3 1 0
worker/eventCollectorDispatcher.go:174.30,176.3 1 0
worker/eventCollectorDispatcher.go:217.53,221.14 4 0
worker/eventCollectorDispatcher.go:225.2,225.16 1 0
worker/eventCollectorDispatcher.go:221.14,224.3 2 0
worker/eventCollectorDispatcher.go:228.43,234.2 5 0
worker/eventCollectorDispatcher.go:236.66,242.2 5 0
worker/eventCollectorDispatcher.go:244.44,248.2 3 0
worker/eventCollectorDispatcher.go:250.55,254.2 3 0
worker/eventCollectorDispatcher.go:256.50,260.2 3 0
worker/eventCollectorDispatcher.go:267.56,300.2 15 0
worker/eventCollectorDispatcher.go:303.39,353.2 15 0
worker/eventCollectorDispatcher.go:355.33,362.2 4 0
worker/eventCollectorDispatcher.go:364.33,365.6 1 0
worker/eventCollectorDispatcher.go:365.6,366.10 1 0
worker/eventCollectorDispatcher.go:367.43,369.33 2 0
worker/eventCollectorDispatcher.go:374.33,376.6 2 0
worker/eventCollectorDispatcher.go:376.6,377.10 1 0
worker/eventCollectorDispatcher.go:378.52,380.47 2 0
worker/eventCollectorDispatcher.go:385.39,387.2 1 0
worker/eventCollectorDispatcher.go:390.88,393.14 2 0
worker/eventCollectorDispatcher.go:394.31,401.27 6 0
worker/eventCollectorDispatcher.go:403.27,410.27 6 0
worker/eventCollectorDispatcher.go:412.23,421.27 6 0
worker/eventCollectorDispatcher.go:423.28,426.25 3 0
worker/eventCollectorDispatcher.go:428.25,431.25 3 0
worker/eventCollectorDispatcher.go:432.10,435.25 3 0
worker/eventCollectorDispatcher.go:441.114,443.19 1 0
worker/eventCollectorDispatcher.go:499.2,499.20 1 0
worker/eventCollectorDispatcher.go:444.13,447.15 2 0
worker/eventCollectorDispatcher.go:450.3,450.41 1 0
worker/eventCollectorDispatcher.go:452.24,455.41 3 0
worker/eventCollectorDispatcher.go:457.25,460.41 2 0
worker/eventCollectorDispatcher.go:462.22,465.41 3 0
worker/eventCollectorDispatcher.go:467.23,468.40 1 0
worker/eventCollectorDispatcher.go:474.3,476.41 3 0
worker/eventCollectorDispatcher.go:479.18,485.41 4 0
worker/eventCollectorDispatcher.go:487.22,491.41 4 0
worker/eventCollectorDispatcher.go:493.10,496.41 2 0
worker/eventCollectorDispatcher.go:447.15,449.4 1 0
worker/eventCollectorDispatcher.go:468.40,472.4 2 0
worker/eventCollectorDispatcher.go:502.47,503.46 1 0
worker/eventCollectorDispatcher.go:517.2,519.12 3 0
worker/eventCollectorDispatcher.go:503.46,516.3 4 0
worker/eventCollectorDispatcher.go:522.45,524.2 1 0
worker/eventCollectorDispatcher.go:526.46,528.2 1 0
worker/eventCollectorHook.go:10.80,12.2 1 0
worker/eventCollectorHook.go:16.63,18.2 1 0
worker/eventCollectorHook.go:22.84,24.2 1 0
worker/eventCollectorHook.go:28.67,30.2 1 0
worker/eventCollectorHook.go:34.72,36.2 1 0
worker/eventCollectorHook.go:40.73,42.2 1 0
worker/eventCollectorHook.go:46.77,48.2 1 0
worker/eventCollectorHook.go:52.78,54.2 1 0
worker/eventCollectorHook.go:58.65,60.2 1 0
worker/eventCollectorHook.go:64.66,66.2 1 0
worker/eventCollectorHook.go:70.64,72.2 1 0
worker/eventCollectorHook.go:76.65,78.2 1 0
worker/eventCollectorHook.go:82.67,84.2 1 0
worker/eventCollectorHook.go:88.68,90.2 1 0
worker/eventCollectorHook.go:94.67,96.2 1 0
worker/eventCollectorHook.go:100.68,102.2 1 0
worker/eventCollectorHook.go:106.63,108.2 1 0
worker/eventCollectorHook.go:112.64,114.2 1 0
worker/eventCollectorHook.go:118.75,120.2 1 0
worker/eventCollectorHook.go:124.76,126.2 1 0
worker/eventCollectorHook.go:130.75,132.2 1 0
worker/eventCollectorHook.go:136.76,138.2 1 0
worker/eventCollectorHook.go:142.68,144.2 1 0
worker/eventCollectorHook.go:148.69,150.2 1 0
worker/eventCollectorHook.go:154.80,156.2 1 0
worker/eventCollectorHook.go:160.81,162.2 1 0
worker/eventCollectorHook.go:166.80,168.2 1 0
worker/eventCollectorHook.go:172.81,174.2 1 0
worker/httpResult.go:11.32,13.2 1 1
worker/httpResult.go:15.51,17.2 1 0
worker/httpResult.go:19.39,21.2 1 1
worker/httpScheduler.go:71.56,75.14 4 0
worker/httpScheduler.go:79.2,79.16 1 0
worker/httpScheduler.go:75.14,78.3 2 0
worker/httpScheduler.go:82.46,86.2 3 0
worker/httpScheduler.go:88.69,94.2 5 0
worker/httpScheduler.go:96.47,100.2 3 0
worker/httpScheduler.go:102.58,106.2 3 0
worker/httpScheduler.go:108.53,112.2 3 0
worker/httpScheduler.go:115.62,119.2 3 0
worker/httpScheduler.go:130.60,133.30 2 0
worker/httpScheduler.go:141.2,142.14 2 0
worker/httpScheduler.go:145.2,145.16 1 0
worker/httpScheduler.go:133.30,139.3 5 0
worker/httpScheduler.go:142.14,144.3 1 0
worker/httpScheduler.go:149.102,152.30 2 0
worker/httpScheduler.go:162.2,162.21 1 0
worker/httpScheduler.go:167.2,168.14 2 0
worker/httpScheduler.go:173.2,173.31 1 0
worker/httpScheduler.go:152.30,153.21 1 0
worker/httpScheduler.go:153.21,157.9 4 0
worker/httpScheduler.go:162.21,165.3 2 0
worker/httpScheduler.go:168.14,171.3 2 0
worker/httpScheduler.go:178.106,186.14 6 0
worker/httpScheduler.go:192.2,192.30 1 0
worker/httpScheduler.go:212.2,212.15 1 0
worker/httpScheduler.go:218.2,222.40 3 0
worker/httpScheduler.go:186.14,190.3 3 0
worker/httpScheduler.go:192.30,193.30 1 0
worker/httpScheduler.go:208.3,208.37 1 0
worker/httpScheduler.go:193.30,196.18 3 0
worker/httpScheduler.go:200.4,206.12 7 0
worker/httpScheduler.go:196.18,199.5 2 0
worker/httpScheduler.go:212.15,215.3 2 0
worker/httpScheduler.go:227.106,232.14 3 0
worker/httpScheduler.go:238.2,240.16 3 0
worker/httpScheduler.go:244.2,249.45 5 0
worker/httpScheduler.go:232.14,236.3 3 0
worker/httpScheduler.go:240.16,243.3 2 0
worker/httpScheduler.go:254.102,258.30 3 0
worker/httpScheduler.go:267.2,267.15 1 0
worker/httpScheduler.go:273.2,276.40 3 0
worker/httpScheduler.go:258.30,259.21 1 0
worker/httpScheduler.go:263.3,263.37 1 0
worker/httpScheduler.go:259.21,261.12 2 0
worker/httpScheduler.go:267.15,270.3 2 0
worker/httpScheduler.go:280.88,283.14 2 0
worker/httpScheduler.go:288.2,288.31 1 0
worker/httpScheduler.go:283.14,286.3 2 0
worker/httpScheduler.go:291.103,295.14 3 0
worker/httpScheduler.go:300.2,307.40 5 0
worker/httpScheduler.go:295.14,298.3 2 0
worker/httpScheduler.go:311.103,315.14 3 0
worker/httpScheduler.go:320.2,327.40 6 0
worker/httpScheduler.go:315.14,318.3 2 0
worker/httpScheduler.go:330.88,335.2 3 0
worker/httpScheduler.go:339.95,346.2 5 0
worker/httpScheduler.go:349.38,365.28 8 0
worker/httpScheduler.go:379.2,379.12 1 0
worker/httpScheduler.go:365.28,368.17 3 0
worker/httpScheduler.go:372.3,376.41 3 0
worker/httpScheduler.go:368.17,371.4 2 0
worker/httpScheduler.go:382.37,387.2 3 0
worker/httpScheduler.go:389.46,391.6 2 0
worker/httpScheduler.go:391.6,393.31 2 0
worker/httpScheduler.go:400.3,401.10 2 0
worker/httpScheduler.go:393.31,399.4 5 0
worker/httpScheduler.go:402.26,403.14 1 0
worker/httpScheduler.go:404.31,405.14 1 0
worker/httpScheduler.go:406.11,407.75 1 0
worker/httpScheduler.go:413.88,416.50 3 0
worker/httpScheduler.go:419.2,423.23 4 0
worker/httpScheduler.go:427.2,427.38 1 0
worker/httpScheduler.go:416.50,418.3 1 0
worker/httpScheduler.go:423.23,425.3 1 0
worker/httpScheduler.go:430.50,433.6 3 0
worker/httpScheduler.go:433.6,434.10 1 0
worker/httpScheduler.go:435.51,441.42 6 0
worker/httpScheduler.go:444.4,446.17 3 0
worker/httpScheduler.go:448.34,449.12 1 0
worker/httpScheduler.go:453.31,454.14 1 0
worker/httpScheduler.go:441.42,443.5 1 0
worker/httpScheduler.go:449.12,451.5 1 0
worker/httpScheduler.go:459.40,462.2 1 0
worker/httpScheduler.go:464.42,467.2 1 0
worker/httpScheduler.go:471.42,473.14 2 0
worker/httpScheduler.go:476.2,476.11 1 0
worker/httpScheduler.go:473.14,475.3 1 0
