mode: set
worker/eventCollectorMain.go:103.21,107.2 2 0
worker/eventCollectorMain.go:110.13,115.18 3 0
worker/eventCollectorMain.go:120.2,126.30 6 0
worker/eventCollectorMain.go:115.18,117.3 1 0
worker/httpResult.go:11.32,13.2 1 1
worker/httpResult.go:16.51,18.2 1 0
worker/httpResult.go:20.39,22.2 1 1
worker/eventCollectorApp.go:28.42,43.16 7 0
worker/eventCollectorApp.go:47.2,53.22 5 0
worker/eventCollectorApp.go:43.16,46.3 2 0
worker/eventCollectorApp.go:57.46,67.12 3 0
worker/eventCollectorApp.go:73.2,88.12 8 0
worker/eventCollectorApp.go:67.12,68.46 1 0
worker/eventCollectorApp.go:68.46,70.4 1 0
worker/eventCollectorApp.go:92.53,96.18 3 0
worker/eventCollectorApp.go:100.2,101.18 2 0
worker/eventCollectorApp.go:105.2,106.18 2 0
worker/eventCollectorApp.go:116.2,117.18 2 0
worker/eventCollectorApp.go:127.2,128.18 2 0
worker/eventCollectorApp.go:140.2,141.18 2 0
worker/eventCollectorApp.go:96.18,98.3 1 0
worker/eventCollectorApp.go:101.18,103.3 1 0
worker/eventCollectorApp.go:106.18,108.17 2 0
worker/eventCollectorApp.go:113.3,113.55 1 0
worker/eventCollectorApp.go:108.17,110.4 1 0
worker/eventCollectorApp.go:110.9,112.4 1 0
worker/eventCollectorApp.go:117.18,119.17 2 0
worker/eventCollectorApp.go:124.3,124.57 1 0
worker/eventCollectorApp.go:119.17,121.4 1 0
worker/eventCollectorApp.go:121.9,123.4 1 0
worker/eventCollectorApp.go:128.18,129.19 1 0
worker/eventCollectorApp.go:129.19,131.18 2 0
worker/eventCollectorApp.go:136.4,136.61 1 0
worker/eventCollectorApp.go:131.18,133.5 1 0
worker/eventCollectorApp.go:133.10,135.5 1 0
worker/eventCollectorApp.go:141.18,143.3 1 0
worker/eventCollectorApp.go:147.48,270.2 46 0
worker/eventCollectorApp.go:280.78,286.29 3 0
worker/eventCollectorApp.go:289.2,289.15 1 0
worker/eventCollectorApp.go:294.2,298.14 3 0
worker/eventCollectorApp.go:303.2,305.39 2 0
worker/eventCollectorApp.go:286.29,288.3 1 0
worker/eventCollectorApp.go:289.15,291.3 1 0
worker/eventCollectorApp.go:298.14,300.3 1 0
worker/eventCollectorApp.go:317.82,323.29 3 0
worker/eventCollectorApp.go:326.2,326.15 1 0
worker/eventCollectorApp.go:331.2,340.41 3 0
worker/eventCollectorApp.go:323.29,325.3 1 0
worker/eventCollectorApp.go:326.15,328.3 1 0
worker/eventCollectorApp.go:350.76,358.14 5 0
worker/eventCollectorApp.go:364.2,366.32 2 0
worker/eventCollectorApp.go:358.14,361.3 1 0
worker/eventCollectorApp.go:377.81,385.14 5 0
worker/eventCollectorApp.go:391.2,393.38 2 0
worker/eventCollectorApp.go:385.14,388.3 1 0
worker/eventCollectorApp.go:405.81,410.13 2 0
worker/eventCollectorApp.go:414.2,414.43 1 0
worker/eventCollectorApp.go:410.13,412.3 1 0
worker/eventCollectorApp.go:426.82,431.14 2 0
worker/eventCollectorApp.go:435.2,435.44 1 0
worker/eventCollectorApp.go:431.14,433.3 1 0
worker/eventCollectorApp.go:451.80,458.15 4 0
worker/eventCollectorApp.go:463.2,465.15 3 0
worker/eventCollectorApp.go:470.2,475.57 3 0
worker/eventCollectorApp.go:458.15,461.3 2 0
worker/eventCollectorApp.go:465.15,468.3 2 0
worker/eventCollectorApp.go:485.83,493.2 3 0
worker/eventCollectorApp.go:502.83,510.14 4 0
worker/eventCollectorApp.go:516.2,517.14 2 0
worker/eventCollectorApp.go:522.2,524.14 2 0
worker/eventCollectorApp.go:531.2,536.44 3 0
worker/eventCollectorApp.go:544.2,544.48 1 0
worker/eventCollectorApp.go:550.2,550.8 1 0
worker/eventCollectorApp.go:510.14,514.3 3 0
worker/eventCollectorApp.go:517.14,520.3 2 0
worker/eventCollectorApp.go:524.14,528.3 3 0
worker/eventCollectorApp.go:536.44,540.3 2 0
worker/eventCollectorApp.go:544.48,548.3 2 0
worker/eventCollectorApp.go:561.79,567.14 3 0
worker/eventCollectorApp.go:573.2,575.14 2 0
worker/eventCollectorApp.go:582.2,584.38 2 0
worker/eventCollectorApp.go:567.14,571.3 3 0
worker/eventCollectorApp.go:575.14,579.3 3 0
worker/eventCollectorApp.go:596.79,605.14 5 0
worker/eventCollectorApp.go:611.2,613.14 2 0
worker/eventCollectorApp.go:619.2,621.38 2 0
worker/eventCollectorApp.go:605.14,609.3 3 0
worker/eventCollectorApp.go:613.14,616.3 1 0
worker/eventCollectorApp.go:632.79,641.14 5 0
worker/eventCollectorApp.go:647.2,649.38 2 0
worker/eventCollectorApp.go:641.14,644.3 1 0
worker/eventCollectorApp.go:660.84,666.14 3 0
worker/eventCollectorApp.go:672.2,674.14 2 0
worker/eventCollectorApp.go:680.2,682.38 2 0
worker/eventCollectorApp.go:666.14,670.3 3 0
worker/eventCollectorApp.go:674.14,677.3 1 0
worker/eventCollectorApp.go:693.84,702.14 5 0
worker/eventCollectorApp.go:708.2,710.14 2 0
worker/eventCollectorApp.go:716.2,718.38 2 0
worker/eventCollectorApp.go:702.14,706.3 3 0
worker/eventCollectorApp.go:710.14,713.3 1 0
worker/eventCollectorApp.go:729.84,739.14 5 0
worker/eventCollectorApp.go:745.2,747.38 2 0
worker/eventCollectorApp.go:739.14,742.3 1 0
worker/eventCollectorApp.go:750.72,752.2 1 0
worker/eventCollectorApp.go:755.71,759.2 3 0
worker/eventCollectorApp.go:762.76,768.2 4 0
worker/eventCollectorApp.go:770.52,771.71 1 0
worker/eventCollectorApp.go:771.71,774.3 2 0
worker/eventCollectorApp.go:777.34,778.19 1 0
worker/eventCollectorApp.go:778.19,781.17 2 0
worker/eventCollectorApp.go:784.3,784.20 1 0
worker/eventCollectorApp.go:781.17,783.4 1 0
worker/eventCollectorDispatcher.go:99.30,101.6 1 0
worker/eventCollectorDispatcher.go:101.6,102.10 1 0
worker/eventCollectorDispatcher.go:103.34,106.16 2 0
worker/eventCollectorDispatcher.go:110.4,111.26 2 0
worker/eventCollectorDispatcher.go:113.25,114.12 1 0
worker/eventCollectorDispatcher.go:119.21,121.14 2 0
worker/eventCollectorDispatcher.go:106.16,109.5 1 0
worker/eventCollectorDispatcher.go:114.12,117.5 2 0
worker/eventCollectorDispatcher.go:168.53,172.14 4 0
worker/eventCollectorDispatcher.go:176.2,176.16 1 0
worker/eventCollectorDispatcher.go:172.14,175.3 2 0
worker/eventCollectorDispatcher.go:179.43,185.2 5 0
worker/eventCollectorDispatcher.go:187.66,193.2 5 0
worker/eventCollectorDispatcher.go:195.44,199.2 3 0
worker/eventCollectorDispatcher.go:201.55,205.2 3 0
worker/eventCollectorDispatcher.go:207.50,211.2 3 0
worker/eventCollectorDispatcher.go:218.70,222.21 3 0
worker/eventCollectorDispatcher.go:228.2,228.23 1 0
worker/eventCollectorDispatcher.go:236.2,267.8 15 0
worker/eventCollectorDispatcher.go:222.21,224.3 1 0
worker/eventCollectorDispatcher.go:224.8,226.3 1 0
worker/eventCollectorDispatcher.go:228.23,231.3 2 0
worker/eventCollectorDispatcher.go:231.8,234.3 2 0
worker/eventCollectorDispatcher.go:271.39,321.2 15 0
worker/eventCollectorDispatcher.go:323.33,330.2 4 0
worker/eventCollectorDispatcher.go:332.33,333.6 1 0
worker/eventCollectorDispatcher.go:333.6,334.10 1 0
worker/eventCollectorDispatcher.go:335.43,337.33 2 0
worker/eventCollectorDispatcher.go:342.33,343.6 1 0
worker/eventCollectorDispatcher.go:343.6,344.10 1 0
worker/eventCollectorDispatcher.go:345.52,347.47 2 0
worker/eventCollectorDispatcher.go:352.39,354.2 1 0
worker/eventCollectorDispatcher.go:357.88,360.14 2 0
worker/eventCollectorDispatcher.go:361.31,368.27 6 0
worker/eventCollectorDispatcher.go:370.27,377.27 6 0
worker/eventCollectorDispatcher.go:379.23,388.27 6 0
worker/eventCollectorDispatcher.go:390.28,393.25 3 0
worker/eventCollectorDispatcher.go:395.25,398.25 3 0
worker/eventCollectorDispatcher.go:399.10,402.25 3 0
worker/eventCollectorDispatcher.go:408.114,410.19 1 0
worker/eventCollectorDispatcher.go:461.2,461.20 1 0
worker/eventCollectorDispatcher.go:411.13,414.15 2 0
worker/eventCollectorDispatcher.go:418.24,421.41 3 0
worker/eventCollectorDispatcher.go:423.25,426.41 2 0
worker/eventCollectorDispatcher.go:428.22,431.41 3 0
worker/eventCollectorDispatcher.go:433.23,437.41 3 0
worker/eventCollectorDispatcher.go:440.18,446.41 4 0
worker/eventCollectorDispatcher.go:448.22,453.41 4 0
worker/eventCollectorDispatcher.go:455.10,458.41 2 0
worker/eventCollectorDispatcher.go:414.15,416.4 1 0
worker/eventCollectorDispatcher.go:466.47,467.40 1 0
worker/eventCollectorDispatcher.go:478.2,478.12 1 0
worker/eventCollectorDispatcher.go:467.40,477.3 4 0
worker/eventCollectorDispatcher.go:481.45,483.2 1 0
worker/eventCollectorDispatcher.go:485.46,487.2 1 0
worker/eventCollectorHook.go:9.80,11.2 1 0
worker/eventCollectorHook.go:15.63,17.2 1 0
worker/eventCollectorHook.go:21.84,23.2 1 0
worker/eventCollectorHook.go:27.67,29.2 1 0
worker/eventCollectorHook.go:33.72,35.2 1 0
worker/eventCollectorHook.go:39.73,41.2 1 0
worker/eventCollectorHook.go:45.77,47.2 1 0
worker/eventCollectorHook.go:51.78,53.2 1 0
worker/eventCollectorHook.go:57.65,59.2 1 0
worker/eventCollectorHook.go:63.66,65.2 1 0
worker/eventCollectorHook.go:69.64,71.2 1 0
worker/eventCollectorHook.go:75.65,77.2 1 0
worker/eventCollectorHook.go:81.67,83.2 1 0
worker/eventCollectorHook.go:87.68,89.2 1 0
worker/eventCollectorHook.go:93.67,95.2 1 0
worker/eventCollectorHook.go:99.68,101.2 1 0
worker/eventCollectorHook.go:105.63,107.2 1 0
worker/eventCollectorHook.go:111.64,113.2 1 0
worker/eventCollectorHook.go:117.75,119.2 1 0
worker/eventCollectorHook.go:123.76,125.2 1 0
worker/eventCollectorHook.go:129.75,131.2 1 0
worker/eventCollectorHook.go:135.76,137.2 1 0
worker/eventCollectorHook.go:141.68,143.2 1 0
worker/eventCollectorHook.go:147.69,149.2 1 0
worker/eventCollectorHook.go:153.80,155.2 1 0
worker/eventCollectorHook.go:159.81,161.2 1 0
worker/eventCollectorHook.go:165.80,167.2 1 0
worker/eventCollectorHook.go:171.81,173.2 1 0
worker/httpScheduler.go:68.56,72.14 4 0
worker/httpScheduler.go:76.2,76.16 1 0
worker/httpScheduler.go:72.14,75.3 2 0
worker/httpScheduler.go:79.46,83.2 3 0
worker/httpScheduler.go:85.69,91.2 5 0
worker/httpScheduler.go:93.47,97.2 3 0
worker/httpScheduler.go:99.58,103.2 3 0
worker/httpScheduler.go:105.53,109.2 3 0
worker/httpScheduler.go:112.62,116.2 3 0
worker/httpScheduler.go:127.60,130.30 2 0
worker/httpScheduler.go:138.2,139.14 2 0
worker/httpScheduler.go:142.2,142.16 1 0
worker/httpScheduler.go:130.30,136.3 5 0
worker/httpScheduler.go:139.14,141.3 1 0
worker/httpScheduler.go:146.102,149.30 2 0
worker/httpScheduler.go:159.2,159.21 1 0
worker/httpScheduler.go:164.2,165.14 2 0
worker/httpScheduler.go:170.2,170.31 1 0
worker/httpScheduler.go:149.30,150.21 1 0
worker/httpScheduler.go:150.21,154.9 4 0
worker/httpScheduler.go:159.21,162.3 2 0
worker/httpScheduler.go:165.14,168.3 2 0
worker/httpScheduler.go:175.106,183.14 6 0
worker/httpScheduler.go:189.2,189.30 1 0
worker/httpScheduler.go:209.2,209.15 1 0
worker/httpScheduler.go:215.2,219.40 3 0
worker/httpScheduler.go:183.14,187.3 3 0
worker/httpScheduler.go:189.30,190.30 1 0
worker/httpScheduler.go:205.3,205.37 1 0
worker/httpScheduler.go:190.30,193.18 3 0
worker/httpScheduler.go:197.4,203.12 7 0
worker/httpScheduler.go:193.18,196.5 2 0
worker/httpScheduler.go:209.15,212.3 2 0
worker/httpScheduler.go:224.106,229.14 3 0
worker/httpScheduler.go:235.2,237.16 3 0
worker/httpScheduler.go:241.2,246.45 5 0
worker/httpScheduler.go:229.14,233.3 3 0
worker/httpScheduler.go:237.16,240.3 2 0
worker/httpScheduler.go:251.102,255.30 3 0
worker/httpScheduler.go:264.2,264.15 1 0
worker/httpScheduler.go:270.2,273.40 3 0
worker/httpScheduler.go:255.30,256.21 1 0
worker/httpScheduler.go:260.3,260.37 1 0
worker/httpScheduler.go:256.21,258.12 2 0
worker/httpScheduler.go:264.15,267.3 2 0
worker/httpScheduler.go:277.88,280.14 2 0
worker/httpScheduler.go:285.2,285.31 1 0
worker/httpScheduler.go:280.14,283.3 2 0
worker/httpScheduler.go:288.103,292.14 3 0
worker/httpScheduler.go:298.2,303.40 3 0
worker/httpScheduler.go:292.14,295.3 2 0
worker/httpScheduler.go:307.103,311.14 3 0
worker/httpScheduler.go:317.2,322.40 4 0
worker/httpScheduler.go:311.14,314.3 2 0
worker/httpScheduler.go:325.88,330.2 3 0
worker/httpScheduler.go:334.95,341.2 5 0
worker/httpScheduler.go:344.38,356.28 5 0
worker/httpScheduler.go:370.2,370.12 1 0
worker/httpScheduler.go:356.28,359.17 3 0
worker/httpScheduler.go:363.3,367.41 3 0
worker/httpScheduler.go:359.17,362.4 2 0
worker/httpScheduler.go:373.37,378.2 3 0
worker/httpScheduler.go:380.46,382.6 2 0
worker/httpScheduler.go:382.6,384.31 2 0
worker/httpScheduler.go:391.3,392.10 2 0
worker/httpScheduler.go:384.31,390.4 5 0
worker/httpScheduler.go:393.26,394.14 1 0
worker/httpScheduler.go:395.11,396.75 1 0
worker/httpScheduler.go:402.88,406.25 3 0
worker/httpScheduler.go:409.2,413.23 4 0
worker/httpScheduler.go:417.2,417.38 1 0
worker/httpScheduler.go:406.25,408.3 1 0
worker/httpScheduler.go:413.23,415.3 1 0
worker/httpScheduler.go:420.50,423.6 3 0
worker/httpScheduler.go:423.6,424.10 1 0
worker/httpScheduler.go:425.51,431.42 6 0
worker/httpScheduler.go:434.4,436.17 3 0
worker/httpScheduler.go:438.34,439.12 1 0
worker/httpScheduler.go:443.31,444.14 1 0
worker/httpScheduler.go:431.42,433.5 1 0
worker/httpScheduler.go:439.12,441.5 1 0
worker/httpScheduler.go:449.40,452.2 1 0
worker/httpScheduler.go:454.42,457.2 1 0
worker/httpScheduler.go:461.42,463.14 2 0
worker/httpScheduler.go:466.2,466.11 1 0
worker/httpScheduler.go:463.14,465.3 1 0
worker/httpJob.go:42.63,44.16 2 0
worker/httpJob.go:48.2,48.19 1 0
worker/httpJob.go:44.16,46.3 1 0
worker/httpJob.go:51.49,53.16 2 0
worker/httpJob.go:57.2,57.12 1 0
worker/httpJob.go:53.16,55.3 1 0
worker/httpJob.go:60.49,62.16 2 0
worker/httpJob.go:66.2,66.12 1 0
worker/httpJob.go:62.16,64.3 1 0
worker/httpJob.go:69.46,73.2 1 0
worker/httpJob.go:76.31,78.2 1 1
worker/httpJob.go:80.33,82.2 1 0
worker/httpJob.go:84.32,95.26 4 1
worker/httpJob.go:99.2,101.12 2 1
worker/httpJob.go:95.26,97.3 1 1
worker/httpJob.go:104.61,107.2 1 0
worker/httpJob.go:109.52,111.16 2 1
worker/httpJob.go:116.2,122.16 5 1
worker/httpJob.go:128.2,129.16 2 1
worker/httpJob.go:135.2,140.18 3 1
worker/httpJob.go:111.16,114.3 2 0
worker/httpJob.go:122.16,126.3 3 0
worker/httpJob.go:129.16,132.3 2 0
worker/httpJob.go:144.72,149.32 4 1
worker/httpJob.go:157.2,160.11 3 1
worker/httpJob.go:149.32,151.23 2 1
worker/httpJob.go:154.3,154.13 1 1
worker/httpJob.go:151.23,153.4 1 1
worker/httpJob.go:163.54,165.2 1 0
worker/httpJob.go:167.36,169.2 1 0
worker/httpJob.go:171.36,174.2 1 0
worker/httpJob.go:176.36,178.16 2 1
worker/httpJob.go:182.2,182.14 1 1
worker/httpJob.go:178.16,180.3 1 0
